# JRE version: Java(TM) SE Runtime Environment (8.0_152-b16) (build 1.8.0_152-b16)
# Java VM: Java HotSpot(TM) 64-Bit Server VM (25.152-b16 mixed mode bsd-amd64 compressed oops)
Heap:
 PSYoungGen      total 421376K, used 193343K [0x00000007a0000000, 0x00000007bfb80000, 0x00000007c0000000)
  eden space 331264K, 45% used [0x00000007a0000000,0x00000007a94cee08,0x00000007b4380000)
  from space 90112K, 45% used [0x00000007b4380000,0x00000007b6b81180,0x00000007b9b80000)
  to   space 86528K, 0% used [0x00000007ba700000,0x00000007ba700000,0x00000007bfb80000)
 ParOldGen       total 396288K, used 358173K [0x0000000760000000, 0x0000000778300000, 0x00000007a0000000)
  object space 396288K, 90% used [0x0000000760000000,0x0000000775dc7718,0x0000000778300000)
 Metaspace       used 20757K, capacity 20942K, committed 21248K, reserved 1069056K
  class space    used 2188K, capacity 2260K, committed 2304K, reserved 1048576K
GC Heap History (10 events):
Event: 159.690 GC heap before
{Heap before GC invocations=63 (full 2):
 PSYoungGen      total 419840K, used 340288K [0x00000007a0000000, 0x00000007bfd00000, 0x00000007c0000000)
  eden space 317952K, 100% used [0x00000007a0000000,0x00000007b3680000,0x00000007b3680000)
  from space 101888K, 21% used [0x00000007b9980000,0x00000007baf50000,0x00000007bfd00000)
  to   space 101376K, 0% used [0x00000007b3680000,0x00000007b3680000,0x00000007b9980000)
 ParOldGen       total 396288K, used 331288K [0x0000000760000000, 0x0000000778300000, 0x00000007a0000000)
  object space 396288K, 83% used [0x0000000760000000,0x0000000774386070,0x0000000778300000)
 Metaspace       used 20727K, capacity 20942K, committed 21248K, reserved 1069056K
  class space    used 2185K, capacity 2260K, committed 2304K, reserved 1048576K
Event: 159.738 GC heap after
Heap after GC invocations=63 (full 2):
 PSYoungGen      total 419328K, used 17654K [0x00000007a0000000, 0x00000007bfc80000, 0x00000007c0000000)
  eden space 317952K, 0% used [0x00000007a0000000,0x00000007a0000000,0x00000007b3680000)
  from space 101376K, 17% used [0x00000007b3680000,0x00000007b47bdbd0,0x00000007b9980000)
  to   space 99840K, 0% used [0x00000007b9b00000,0x00000007b9b00000,0x00000007bfc80000)
 ParOldGen       total 396288K, used 344360K [0x0000000760000000, 0x0000000778300000, 0x00000007a0000000)
  object space 396288K, 86% used [0x0000000760000000,0x000000077504a2d0,0x0000000778300000)
 Metaspace       used 20727K, capacity 20942K, committed 21248K, reserved 1069056K
  class space    used 2185K, capacity 2260K, committed 2304K, reserved 1048576K
}
Event: 161.343 GC heap before
{Heap before GC invocations=64 (full 2):
 PSYoungGen      total 419328K, used 335606K [0x00000007a0000000, 0x00000007bfc80000, 0x00000007c0000000)
  eden space 317952K, 100% used [0x00000007a0000000,0x00000007b3680000,0x00000007b3680000)
  from space 101376K, 17% used [0x00000007b3680000,0x00000007b47bdbd0,0x00000007b9980000)
  to   space 99840K, 0% used [0x00000007b9b00000,0x00000007b9b00000,0x00000007bfc80000)
 ParOldGen       total 396288K, used 344360K [0x0000000760000000, 0x0000000778300000, 0x00000007a0000000)
  object space 396288K, 86% used [0x0000000760000000,0x000000077504a2d0,0x0000000778300000)
 Metaspace       used 20734K, capacity 20942K, committed 21248K, reserved 1069056K
  class space    used 2185K, capacity 2260K, committed 2304K, reserved 1048576K
Event: 161.376 GC heap after
Heap after GC invocations=64 (full 2):
 PSYoungGen      total 420864K, used 20664K [0x00000007a0000000, 0x00000007bfa80000, 0x00000007c0000000)
  eden space 323072K, 0% used [0x00000007a0000000,0x00000007a0000000,0x00000007b3b80000)
  from space 97792K, 21% used [0x00000007b9b00000,0x00000007baf2e0e0,0x00000007bfa80000)
  to   space 97792K, 0% used [0x00000007b3b80000,0x00000007b3b80000,0x00000007b9b00000)
 ParOldGen       total 396288K, used 353037K [0x0000000760000000, 0x0000000778300000, 0x00000007a0000000)
  object space 396288K, 89% used [0x0000000760000000,0x00000007758c37b0,0x0000000778300000)
 Metaspace       used 20734K, capacity 20942K, committed 21248K, reserved 1069056K
  class space    used 2185K, capacity 2260K, committed 2304K, reserved 1048576K
}
Event: 162.847 GC heap before
{Heap before GC invocations=65 (full 2):
 PSYoungGen      total 420864K, used 343736K [0x00000007a0000000, 0x00000007bfa80000, 0x00000007c0000000)
  eden space 323072K, 100% used [0x00000007a0000000,0x00000007b3b80000,0x00000007b3b80000)
  from space 97792K, 21% used [0x00000007b9b00000,0x00000007baf2e0e0,0x00000007bfa80000)
  to   space 97792K, 0% used [0x00000007b3b80000,0x00000007b3b80000,0x00000007b9b00000)
 ParOldGen       total 396288K, used 353037K [0x0000000760000000, 0x0000000778300000, 0x00000007a0000000)
  object space 396288K, 89% used [0x0000000760000000,0x00000007758c37b0,0x0000000778300000)
 Metaspace       used 20747K, capacity 20942K, committed 21248K, reserved 1069056K
  class space    used 2188K, capacity 2260K, committed 2304K, reserved 1048576K
Event: 162.871 GC heap after
Heap after GC invocations=65 (full 2):
 PSYoungGen      total 420864K, used 19888K [0x00000007a0000000, 0x00000007bfb00000, 0x00000007c0000000)
  eden space 323072K, 0% used [0x00000007a0000000,0x00000007a0000000,0x00000007b3b80000)
  from space 97792K, 20% used [0x00000007b3b80000,0x00000007b4eec010,0x00000007b9b00000)
  to   space 95232K, 0% used [0x00000007b9e00000,0x00000007b9e00000,0x00000007bfb00000)
 ParOldGen       total 396288K, used 358165K [0x0000000760000000, 0x0000000778300000, 0x00000007a0000000)
  object space 396288K, 90% used [0x0000000760000000,0x0000000775dc5718,0x0000000778300000)
 Metaspace       used 20747K, capacity 20942K, committed 21248K, reserved 1069056K
  class space    used 2188K, capacity 2260K, committed 2304K, reserved 1048576K
}
Event: 164.149 GC heap before
{Heap before GC invocations=66 (full 2):
 PSYoungGen      total 420864K, used 342960K [0x00000007a0000000, 0x00000007bfb00000, 0x00000007c0000000)
  eden space 323072K, 100% used [0x00000007a0000000,0x00000007b3b80000,0x00000007b3b80000)
  from space 97792K, 20% used [0x00000007b3b80000,0x00000007b4eec010,0x00000007b9b00000)
  to   space 95232K, 0% used [0x00000007b9e00000,0x00000007b9e00000,0x00000007bfb00000)
 ParOldGen       total 396288K, used 358165K [0x0000000760000000, 0x0000000778300000, 0x00000007a0000000)
  object space 396288K, 90% used [0x0000000760000000,0x0000000775dc5718,0x0000000778300000)
 Metaspace       used 20754K, capacity 20942K, committed 21248K, reserved 1069056K
  class space    used 2188K, capacity 2260K, committed 2304K, reserved 1048576K
Event: 164.186 GC heap after
Heap after GC invocations=66 (full 2):
 PSYoungGen      total 418816K, used 32820K [0x00000007a0000000, 0x00000007bf380000, 0x00000007c0000000)
  eden space 331264K, 0% used [0x00000007a0000000,0x00000007a0000000,0x00000007b4380000)
  from space 87552K, 37% used [0x00000007b9e00000,0x00000007bbe0d190,0x00000007bf380000)
  to   space 90112K, 0% used [0x00000007b4380000,0x00000007b4380000,0x00000007b9b80000)
 ParOldGen       total 396288K, used 358165K [0x0000000760000000, 0x0000000778300000, 0x00000007a0000000)
  object space 396288K, 90% used [0x0000000760000000,0x0000000775dc5718,0x0000000778300000)
 Metaspace       used 20754K, capacity 20942K, committed 21248K, reserved 1069056K
  class space    used 2188K, capacity 2260K, committed 2304K, reserved 1048576K
}
Event: 165.385 GC heap before
{Heap before GC invocations=67 (full 2):
 PSYoungGen      total 418816K, used 364084K [0x00000007a0000000, 0x00000007bf380000, 0x00000007c0000000)
  eden space 331264K, 100% used [0x00000007a0000000,0x00000007b4380000,0x00000007b4380000)
  from space 87552K, 37% used [0x00000007b9e00000,0x00000007bbe0d190,0x00000007bf380000)
  to   space 90112K, 0% used [0x00000007b4380000,0x00000007b4380000,0x00000007b9b80000)
 ParOldGen       total 396288K, used 358165K [0x0000000760000000, 0x0000000778300000, 0x00000007a0000000)
  object space 396288K, 90% used [0x0000000760000000,0x0000000775dc5718,0x0000000778300000)
 Metaspace       used 20757K, capacity 20942K, committed 21248K, reserved 1069056K
  class space    used 2188K, capacity 2260K, committed 2304K, reserved 1048576K
Event: 165.422 GC heap after
Heap after GC invocations=67 (full 2):
 PSYoungGen      total 421376K, used 40964K [0x00000007a0000000, 0x00000007bfb80000, 0x00000007c0000000)
  eden space 331264K, 0% used [0x00000007a0000000,0x00000007a0000000,0x00000007b4380000)
  from space 90112K, 45% used [0x00000007b4380000,0x00000007b6b81180,0x00000007b9b80000)
  to   space 86528K, 0% used [0x00000007ba700000,0x00000007ba700000,0x00000007bfb80000)
 ParOldGen       total 396288K, used 358173K [0x0000000760000000, 0x0000000778300000, 0x00000007a0000000)
  object space 396288K, 90% used [0x0000000760000000,0x0000000775dc7718,0x0000000778300000)
 Metaspace       used 20757K, capacity 20942K, committed 21248K, reserved 1069056K
  class space    used 2188K, capacity 2260K, committed 2304K, reserved 1048576K
}

